<?xml version="1.0" encoding="UTF-8"?>
<!-- Generated by org.testng.reporters.JUnitReportReporter -->
<testsuite skipped="0" hostname="hp-PC" name="sonarqube.mavensonar.TestSonar" tests="2" failures="0" timestamp="2020-06-06T19:00:00 IST" time="0.023" errors="0">
  <testcase name="test1" time="0.020" classname="sonarqube.mavensonar.TestSonar"/>
  <system-out/>
  <testcase name="test2" time="0.003" classname="sonarqube.mavensonar.TestSonar"/>
  <system-out/>
</testsuite> <!-- sonarqube.mavensonar.TestSonar -->
