<?xml version="1.0" encoding="UTF-8"?>
<!-- Generated by org.testng.reporters.JUnitReportReporter -->
<testsuite skipped="0" hostname="hp-PC" name="sonarqube.mavensonar.TestSonar" tests="2" failures="0" timestamp="06 Jun 2020 13:37:19 GMT" time="0.034" errors="0">
  <testcase name="test1" time="0.033" classname="sonarqube.mavensonar.TestSonar"/>
  <testcase name="test2" time="0.001" classname="sonarqube.mavensonar.TestSonar"/>
</testsuite> <!-- sonarqube.mavensonar.TestSonar -->
